\BOOKMARK [1][-]{section.1}{Introduction\040&\040Motivation}{}% 1
\BOOKMARK [1][-]{section.2}{Problem,\040research\040question\040&\040approach}{}% 2
\BOOKMARK [2][-]{subsection.2.1}{Research\040Questions}{section.2}% 3
\BOOKMARK [2][-]{subsection.2.2}{Approach}{section.2}% 4
\BOOKMARK [1][-]{section.3}{Related\040work}{}% 5
\BOOKMARK [1][-]{section.4}{Use\040cases}{}% 6
\BOOKMARK [2][-]{subsection.4.1}{Requirements}{section.4}% 7
\BOOKMARK [1][-]{section.5}{Quality\040attributes}{}% 8
\BOOKMARK [2][-]{subsection.5.1}{Quality\040Attribute\040Scenarios}{section.5}% 9
\BOOKMARK [2][-]{subsection.5.2}{Architectural\040Patterns\040and\040Tactics}{section.5}% 10
\BOOKMARK [1][-]{section.6}{Design\040and\040Analysis\040Modeling}{}% 11
\BOOKMARK [2][-]{subsection.6.1}{Requirement\040Diagrams}{section.6}% 12
\BOOKMARK [2][-]{subsection.6.2}{Feature\040Modeling}{section.6}% 13
\BOOKMARK [2][-]{subsection.6.3}{Systems\040and\040Subsystems}{section.6}% 14
\BOOKMARK [2][-]{subsection.6.4}{Architecture\040Structure\040Model}{section.6}% 15
\BOOKMARK [2][-]{subsection.6.5}{SysML}{section.6}% 16
\BOOKMARK [2][-]{subsection.6.6}{AADL}{section.6}% 17
\BOOKMARK [2][-]{subsection.6.7}{EAST-ADL}{section.6}% 18
\BOOKMARK [3][-]{subsubsection.6.7.1}{Vehicle\040Level}{subsection.6.7}% 19
\BOOKMARK [3][-]{subsubsection.6.7.2}{Analysis\040Level}{subsection.6.7}% 20
\BOOKMARK [3][-]{subsubsection.6.7.3}{Design\040Level}{subsection.6.7}% 21
\BOOKMARK [3][-]{subsubsection.6.7.4}{Implementation\040Level}{subsection.6.7}% 22
\BOOKMARK [2][-]{subsection.6.8}{Transport\040Layer}{section.6}% 23
\BOOKMARK [2][-]{subsection.6.9}{Containerization}{section.6}% 24
\BOOKMARK [2][-]{subsection.6.10}{Programming\040Language}{section.6}% 25
\BOOKMARK [3][-]{subsubsection.6.10.1}{Real-time\040sensor\040data\040processing\040and\040machine\040control}{subsection.6.10}% 26
\BOOKMARK [3][-]{subsubsection.6.10.2}{Middleware\040and\040System\040Integration\040\(ERP,\040MES\)}{subsection.6.10}% 27
\BOOKMARK [3][-]{subsubsection.6.10.3}{Quality\040control\040and\040defect\040detection}{subsection.6.10}% 28
\BOOKMARK [3][-]{subsubsection.6.10.4}{Reporting\040and\040real-time\040dashboards\040\(HMI\)}{subsection.6.10}% 29
\BOOKMARK [2][-]{subsection.6.11}{Databases}{section.6}% 30
\BOOKMARK [1][-]{section.7}{Formal\040Validation\040and\040Verification\040\(V&V\)}{}% 31
\BOOKMARK [2][-]{subsection.7.1}{When\040to\040Test\040Architecture}{section.7}% 32
\BOOKMARK [2][-]{subsection.7.2}{UPPAAL}{section.7}% 33
\BOOKMARK [3][-]{subsubsection.7.2.1}{Model}{subsection.7.2}% 34
\BOOKMARK [3][-]{subsubsection.7.2.2}{Requirement\040specification}{subsection.7.2}% 35
\BOOKMARK [2][-]{subsection.7.3}{Computation\040Tree\040Logic}{section.7}% 36
\BOOKMARK [3][-]{subsubsection.7.3.1}{CTL\040Example}{subsection.7.3}% 37
\BOOKMARK [3][-]{subsubsection.7.3.2}{Path\040qualifier\040\(PQ\)}{subsection.7.3}% 38
\BOOKMARK [3][-]{subsubsection.7.3.3}{Liniar\040Temporal\040Operators\040\(LTO\)}{subsection.7.3}% 39
\BOOKMARK [1][-]{section.8}{Evaluation}{}% 40
\BOOKMARK [2][-]{subsection.8.1}{System\040Experimentation}{section.8}% 41
\BOOKMARK [1][-]{section.9}{Discussion}{}% 42
\BOOKMARK [2][-]{subsection.9.1}{The\040Importance\040of\040Formal\040V&V\040Before\040System\040Implementation}{section.9}% 43
\BOOKMARK [2][-]{subsection.9.2}{Comparing\040Formal\040V&V\040and\040Experimental\040Evaluation}{section.9}% 44
\BOOKMARK [2][-]{subsection.9.3}{Necessities\040of\040Formal\040Design\040and\040Analysis\040and\040Its\040Benefits}{section.9}% 45
\BOOKMARK [1][-]{section.10}{Conclusion}{}% 46
\BOOKMARK [1][-]{section*.10}{References}{}% 47
\BOOKMARK [1][-]{section.11}{Appendix}{}% 48
